19:58:59,942 INFO  [Application] Words Finder Application started
19:58:59,955 INFO  [Application] Dictionary loaded successfully
19:58:59,957 INFO  [Application] *********************************************
19:58:59,957 INFO  [Application]            List Of Valid Words               
19:58:59,957 INFO  [Application] *********************************************
19:58:59,958 INFO  [Application] ex
19:58:59,958 INFO  [Application] ten
19:58:59,958 INFO  [Application] ts
19:58:59,958 INFO  [Application] zc
19:58:59,958 INFO  [Application] test
19:58:59,958 INFO  [Application] set
19:58:59,958 INFO  [Application] at
19:58:59,959 INFO  [Application] zce
19:58:59,959 INFO  [Application] td
19:58:59,959 INFO  [Application] tcy
19:58:59,959 INFO  [Application] ecz
19:58:59,959 INFO  [Application] tax
19:58:59,959 INFO  [Application] nd
19:58:59,959 INFO  [Application] en
19:58:59,959 INFO  [Application] st
19:58:59,959 INFO  [Application] et
19:58:59,959 INFO  [Application] es
20:00:58,877 INFO  [Application] Words Finder Application started
20:00:58,878 INFO  [Application] Dictionary loaded successfully
20:00:58,878 INFO  [Application] *********************************************
20:00:58,878 INFO  [Application]            List Of Valid Words               
20:00:58,878 INFO  [Application] *********************************************
20:00:58,878 INFO  [Application] ex
20:00:58,878 INFO  [Application] ten
20:00:58,878 INFO  [Application] ts
20:00:58,878 INFO  [Application] zc
20:00:58,878 INFO  [Application] test
20:00:58,878 INFO  [Application] set
20:00:58,878 INFO  [Application] at
20:00:58,878 INFO  [Application] zce
20:00:58,878 INFO  [Application] td
20:00:58,878 INFO  [Application] tcy
20:00:58,878 INFO  [Application] ecz
20:00:58,878 INFO  [Application] tax
20:00:58,878 INFO  [Application] nd
20:00:58,878 INFO  [Application] en
20:00:58,878 INFO  [Application] st
20:00:58,878 INFO  [Application] et
20:00:58,878 INFO  [Application] es
20:48:47,947 INFO  [Application] Words Finder Application started
20:48:47,967 INFO  [Application] Dictionary loaded successfully
20:48:47,971 INFO  [Application] *********************************************
20:48:47,971 INFO  [Application]            List Of Valid Words               
20:48:47,971 INFO  [Application] *********************************************
20:48:47,971 INFO  [Application] ex
20:48:47,971 INFO  [Application] ten
20:48:47,971 INFO  [Application] ts
20:48:47,971 INFO  [Application] zc
20:48:47,971 INFO  [Application] test
20:48:47,971 INFO  [Application] set
20:48:47,971 INFO  [Application] at
20:48:47,971 INFO  [Application] zce
20:48:47,971 INFO  [Application] td
20:48:47,971 INFO  [Application] tcy
20:48:47,971 INFO  [Application] ecz
20:48:47,971 INFO  [Application] tax
20:48:47,971 INFO  [Application] nd
20:48:47,971 INFO  [Application] en
20:48:47,971 INFO  [Application] st
20:48:47,971 INFO  [Application] et
20:48:47,971 INFO  [Application] es
23:33:22,176 INFO  [Application] Dictionary loaded successfully
23:33:22,180 INFO  [Application] *********************************************
23:33:22,180 INFO  [Application]            List Of Valid Words               
23:33:22,180 INFO  [Application] *********************************************
23:33:22,181 INFO  [Application] ex
23:33:22,181 INFO  [Application] ten
23:33:22,181 INFO  [Application] ts
23:33:22,181 INFO  [Application] zc
23:33:22,181 INFO  [Application] test
23:33:22,181 INFO  [Application] set
23:33:22,181 INFO  [Application] at
23:33:22,181 INFO  [Application] zce
23:33:22,181 INFO  [Application] td
23:33:22,181 INFO  [Application] tcy
23:33:22,181 INFO  [Application] ecz
23:33:22,181 INFO  [Application] tax
23:33:22,181 INFO  [Application] nd
23:33:22,181 INFO  [Application] en
23:33:22,181 INFO  [Application] st
23:33:22,181 INFO  [Application] et
23:33:22,181 INFO  [Application] es
23:35:08,707 INFO  [Application] Dictionary loaded successfully
23:35:08,707 INFO  [Application] *********************************************
23:35:08,707 INFO  [Application]            List Of Valid Words               
23:35:08,707 INFO  [Application] *********************************************
23:35:08,707 INFO  [Application] ex
23:35:08,707 INFO  [Application] ten
23:35:08,707 INFO  [Application] ts
23:35:08,707 INFO  [Application] zc
23:35:08,707 INFO  [Application] test
23:35:08,707 INFO  [Application] set
23:35:08,707 INFO  [Application] at
23:35:08,707 INFO  [Application] zce
23:35:08,707 INFO  [Application] td
23:35:08,707 INFO  [Application] tcy
23:35:08,707 INFO  [Application] ecz
23:35:08,707 INFO  [Application] tax
23:35:08,707 INFO  [Application] nd
23:35:08,707 INFO  [Application] en
23:35:08,707 INFO  [Application] st
23:35:08,707 INFO  [Application] et
23:35:08,707 INFO  [Application] es
23:35:25,902 INFO  [Application] Dictionary loaded successfully
23:40:45,014 INFO  [Application] Dictionary loaded successfully
23:41:57,188 INFO  [Application] Dictionary loaded successfully
23:42:32,415 INFO  [Application] Dictionary loaded successfully
23:46:19,120 INFO  [Application] Dictionary loaded successfully
23:46:42,501 INFO  [Application] Dictionary loaded successfully
23:49:02,209 INFO  [Application] Dictionary loaded successfully
23:57:05,058 INFO  [Application] Dictionary loaded successfully
23:57:05,058 INFO  [Application] *********************************************
23:57:05,058 INFO  [Application]            List Of Valid Words               
23:57:05,058 INFO  [Application] *********************************************
23:57:05,058 INFO  [Application] ex
23:57:05,058 INFO  [Application] ten
23:57:05,058 INFO  [Application] ts
23:57:05,058 INFO  [Application] zc
23:57:05,058 INFO  [Application] test
23:57:05,058 INFO  [Application] set
23:57:05,058 INFO  [Application] at
23:57:05,058 INFO  [Application] zce
23:57:05,058 INFO  [Application] td
23:57:05,058 INFO  [Application] tcy
23:57:05,058 INFO  [Application] ecz
23:57:05,058 INFO  [Application] tax
23:57:05,058 INFO  [Application] nd
23:57:05,058 INFO  [Application] en
23:57:05,058 INFO  [Application] st
23:57:05,058 INFO  [Application] et
23:57:05,058 INFO  [Application] es
23:59:43,883 INFO  [Application] Words Finder Application started
23:59:43,905 INFO  [Application] Dictionary loaded successfully
23:59:43,920 INFO  [Application] *********************************************
23:59:43,920 INFO  [Application]            List Of Valid Words               
23:59:43,920 INFO  [Application] *********************************************
23:59:43,920 INFO  [Application] nd
23:59:43,920 INFO  [Application] en
23:59:43,920 INFO  [Application] td
23:59:43,920 INFO  [Application] es
23:59:43,920 INFO  [Application] we
00:02:57,645 INFO  [Application] Words Finder Application started
00:02:57,661 INFO  [Application] Dictionary loaded successfully
00:02:57,676 INFO  [Application] *********************************************
00:02:57,676 INFO  [Application]            List Of Valid Words               
00:02:57,676 INFO  [Application] *********************************************
00:02:57,676 INFO  [Application] Trade
00:02:57,676 INFO  [Application] sad
00:02:57,676 INFO  [Application] nd
00:02:57,676 INFO  [Application] Shift
00:02:57,676 INFO  [Application] as
00:02:57,676 INFO  [Application] word
00:02:57,676 INFO  [Application] en
00:02:57,676 INFO  [Application] java
00:02:57,676 INFO  [Application] td
00:02:57,676 INFO  [Application] es
00:02:57,676 INFO  [Application] we
00:04:38,995 INFO  [Application] Words Finder Application started
00:04:39,012 INFO  [Application] Dictionary loaded successfully
00:04:39,017 INFO  [Application] *********************************************
00:04:39,017 INFO  [Application]            List Of Valid Words               
00:04:39,017 INFO  [Application] *********************************************
00:04:39,017 INFO  [Application] Trade
00:04:39,017 INFO  [Application] sad
00:04:39,017 INFO  [Application] nd
00:04:39,017 INFO  [Application] Shift
00:04:39,017 INFO  [Application] as
00:04:39,017 INFO  [Application] word
00:04:39,017 INFO  [Application] en
00:04:39,017 INFO  [Application] java
00:04:39,017 INFO  [Application] td
00:04:39,017 INFO  [Application] es
00:04:39,017 INFO  [Application] we
00:05:42,899 INFO  [Application] Words Finder Application started
00:05:42,915 INFO  [Application] Dictionary loaded successfully
00:05:42,930 INFO  [Application] *********************************************
00:05:42,930 INFO  [Application]            List Of Valid Words               
00:05:42,930 INFO  [Application] *********************************************
00:05:42,930 INFO  [Application] Trade
00:05:42,930 INFO  [Application] sad
00:05:42,930 INFO  [Application] Shift
00:05:42,930 INFO  [Application] as
00:05:42,930 INFO  [Application] td
00:05:42,930 INFO  [Application] egg
00:05:42,930 INFO  [Application] sdf
00:05:42,930 INFO  [Application] nd
00:05:42,930 INFO  [Application] java
00:05:42,930 INFO  [Application] en
00:05:42,930 INFO  [Application] word
00:05:42,930 INFO  [Application] es
00:05:42,930 INFO  [Application] we
00:11:44,818 INFO  [Application] Dictionary loaded successfully
00:11:44,818 INFO  [Application] *********************************************
00:11:44,818 INFO  [Application]            List Of Valid Words               
00:11:44,818 INFO  [Application] *********************************************
00:11:44,818 INFO  [Application] ex
00:11:44,818 INFO  [Application] ten
00:11:44,818 INFO  [Application] ts
00:11:44,818 INFO  [Application] zc
00:11:44,818 INFO  [Application] test
00:11:44,818 INFO  [Application] set
00:11:44,818 INFO  [Application] at
00:11:44,818 INFO  [Application] zce
00:11:44,818 INFO  [Application] td
00:11:44,818 INFO  [Application] tcy
00:11:44,818 INFO  [Application] ecz
00:11:44,818 INFO  [Application] tax
00:11:44,818 INFO  [Application] nd
00:11:44,818 INFO  [Application] en
00:11:44,818 INFO  [Application] st
00:11:44,818 INFO  [Application] et
00:11:44,818 INFO  [Application] es
00:29:02,353 INFO  [Application] Dictionary loaded successfully
00:29:02,353 INFO  [Application] *********************************************
00:29:02,353 INFO  [Application]            List Of Valid Words               
00:29:02,353 INFO  [Application] *********************************************
00:29:02,353 INFO  [Application] ex
00:29:02,353 INFO  [Application] ten
00:29:02,353 INFO  [Application] ts
00:29:02,353 INFO  [Application] zc
00:29:02,353 INFO  [Application] test
00:29:02,353 INFO  [Application] set
00:29:02,353 INFO  [Application] at
00:29:02,353 INFO  [Application] zce
00:29:02,353 INFO  [Application] td
00:29:02,353 INFO  [Application] tcy
00:29:02,353 INFO  [Application] ecz
00:29:02,353 INFO  [Application] tax
00:29:02,353 INFO  [Application] nd
00:29:02,353 INFO  [Application] en
00:29:02,369 INFO  [Application] st
00:29:02,369 INFO  [Application] et
00:29:02,369 INFO  [Application] es
00:29:22,153 INFO  [Application] Words Finder Application started
00:29:22,153 INFO  [Application] Dictionary loaded successfully
00:29:22,169 INFO  [Application] *********************************************
00:29:22,169 INFO  [Application]            List Of Valid Words               
00:29:22,169 INFO  [Application] *********************************************
00:29:22,169 INFO  [Application] Trade
00:29:22,169 INFO  [Application] sad
00:29:22,169 INFO  [Application] Shift
00:29:22,169 INFO  [Application] as
00:29:22,169 INFO  [Application] td
00:29:22,169 INFO  [Application] egg
00:29:22,184 INFO  [Application] sdf
00:29:22,184 INFO  [Application] nd
00:29:22,184 INFO  [Application] java
00:29:22,184 INFO  [Application] en
00:29:22,184 INFO  [Application] word
00:29:22,184 INFO  [Application] es
00:29:22,184 INFO  [Application] we
00:44:08,558 INFO  [Application] Dictionary loaded successfully
00:44:08,573 INFO  [Application] *********************************************
00:44:08,575 INFO  [Application]            List Of Valid Words               
00:44:08,575 INFO  [Application] *********************************************
00:44:08,575 INFO  [Application] ex
00:44:08,575 INFO  [Application] ten
00:44:08,575 INFO  [Application] ts
00:44:08,576 INFO  [Application] zc
00:44:08,576 INFO  [Application] test
00:44:08,576 INFO  [Application] set
00:44:08,576 INFO  [Application] at
00:44:08,576 INFO  [Application] zce
00:44:08,576 INFO  [Application] td
00:44:08,576 INFO  [Application] tcy
00:44:08,576 INFO  [Application] ecz
00:44:08,577 INFO  [Application] tax
00:44:08,577 INFO  [Application] nd
00:44:08,577 INFO  [Application] en
00:44:08,577 INFO  [Application] st
00:44:08,577 INFO  [Application] et
00:44:08,577 INFO  [Application] es
00:44:21,346 INFO  [Application] Words Finder Application started
00:44:21,361 INFO  [Application] Dictionary loaded successfully
00:44:21,377 INFO  [Application] *********************************************
00:44:21,377 INFO  [Application]            List Of Valid Words               
00:44:21,377 INFO  [Application] *********************************************
00:44:21,377 INFO  [Application] Trade
00:44:21,377 INFO  [Application] sad
00:44:21,377 INFO  [Application] Shift
00:44:21,377 INFO  [Application] as
00:44:21,377 INFO  [Application] td
00:44:21,377 INFO  [Application] egg
00:44:21,377 INFO  [Application] sdf
00:44:21,377 INFO  [Application] nd
00:44:21,377 INFO  [Application] java
00:44:21,377 INFO  [Application] en
00:44:21,377 INFO  [Application] word
00:44:21,377 INFO  [Application] es
00:44:21,377 INFO  [Application] we
